<?xml version="1.0" encoding="UTF-8"?>
<!-- Generated by org.testng.reporters.JUnitXMLReporter -->
<testsuite ignored="0" hostname="DESKTOP-35QI2EL" failures="0" tests="11" name="Testing chrome" time="590.285" errors="0" timestamp="2024-09-06T22:13:47 IST">
  <testcase classname="airlineTest.Testcase2_Login" name="login1" time="19.403"/>
  <testcase classname="airlineTest.Testcase7_bookseat" name="bookingseat" time="61.447"/>
  <testcase classname="airlineTest.Testcase9_multiple" name="mutilpeTraveller" time="34.672"/>
  <testcase classname="airlineTest.TestCase_Logout" name="oneway" time="52.995"/>
  <testcase classname="airlineTest.Testcase1_homepage" name="login" time="4.361"/>
  <testcase classname="airlineTest.Testcase4_oneway" name="oneway" time="34.225"/>
  <testcase classname="airlineTest.TestCase6_economy" name="business1" time="54.558"/>
  <testcase classname="airlineTest.Testcase514_twoway" name="twoway" time="51.031"/>
  <testcase classname="airlineTest.Testcase_ContactDetails_11" name="ConntactDetails" time="53.107"/>
  <testcase classname="airlineTest.Testcase10_Flightinfo" name="bookingdetails" time="54.684"/>
  <testcase classname="airlineTest.TestCasecouponcode_13" name="CouponCode" time="45.521"/>
</testsuite> <!-- Testing chrome -->
