<?xml version="1.0" encoding="UTF-8"?>
<!-- Generated by org.testng.reporters.JUnitXMLReporter -->
<testsuite ignored="0" hostname="DESKTOP-35QI2EL" failures="0" tests="11" name="Testing edge" time="404.87" errors="0" timestamp="2024-09-06T22:20:32 IST">
  <testcase classname="airlineTest.Testcase2_Login" name="login1" time="11.41"/>
  <testcase classname="airlineTest.Testcase7_bookseat" name="bookingseat" time="27.353"/>
  <testcase classname="airlineTest.Testcase9_multiple" name="mutilpeTraveller" time="17.85"/>
  <testcase classname="airlineTest.TestCase_Logout" name="oneway" time="21.496"/>
  <testcase classname="airlineTest.Testcase1_homepage" name="login" time="3.817"/>
  <testcase classname="airlineTest.Testcase4_oneway" name="oneway" time="38.123"/>
  <testcase classname="airlineTest.TestCase6_economy" name="business1" time="27.82"/>
  <testcase classname="airlineTest.Testcase514_twoway" name="twoway" time="26.427"/>
  <testcase classname="airlineTest.Testcase_ContactDetails_11" name="ConntactDetails" time="31.881"/>
  <testcase classname="airlineTest.Testcase10_Flightinfo" name="bookingdetails" time="31.976"/>
  <testcase classname="airlineTest.TestCasecouponcode_13" name="CouponCode" time="36.971"/>
</testsuite> <!-- Testing edge -->
