<?xml version="1.0" encoding="UTF-8"?>
<testsuite xmlns:xsi="http://www.w3.org/2001/XMLSchema-instance" xsi:noNamespaceSchemaLocation="https://maven.apache.org/surefire/maven-surefire-plugin/xsd/surefire-test-report-3.0.xsd" version="3.0" name="TestSuite" time="997.114" tests="22" errors="0" skipped="0" failures="0">
  <properties>
[...]
</properties>
  <testcase name="login1" classname="airlineTest.Testcase2_Login" time="19.407">
    <system-err><![CDATA[SLF4J: Failed to load class "org.slf4j.impl.StaticLoggerBinder".
SLF4J: Defaulting to no-operation (NOP) logger implementation
SLF4J: See http://www.slf4j.org/codes.html#StaticLoggerBinder for further details.
Sep 06, 2024 10:04:02 PM org.openqa.selenium.devtools.CdpVersionFinder findNearestMatch
WARNING: Unable to find an exact match for CDP version 128, returning the closest version; found: 127; Please update to a Selenium version that supports CDP version 128
]]></system-err>
  </testcase>
  <testcase name="login1" classname="airlineTest.Testcase2_Login" time="11.411">
    <system-err><![CDATA[Sep 06, 2024 10:13:58 PM org.openqa.selenium.devtools.CdpVersionFinder findNearestMatch
WARNING: Unable to find an exact match for CDP version 128, returning the closest version; found: 127; Please update to a Selenium version that supports CDP version 128
]]></system-err>
  </testcase>
  <testcase name="bookingseat" classname="airlineTest.Testcase7_bookseat" time="61.449">
    <system-err><![CDATA[Sep 06, 2024 10:04:29 PM org.openqa.selenium.devtools.CdpVersionFinder findNearestMatch
WARNING: Unable to find an exact match for CDP version 128, returning the closest version; found: 127; Please update to a Selenium version that supports CDP version 128
]]></system-err>
  </testcase>
  <testcase name="bookingseat" classname="airlineTest.Testcase7_bookseat" time="27.353">
    <system-err><![CDATA[Sep 06, 2024 10:14:19 PM org.openqa.selenium.devtools.CdpVersionFinder findNearestMatch
WARNING: Unable to find an exact match for CDP version 128, returning the closest version; found: 127; Please update to a Selenium version that supports CDP version 128
]]></system-err>
  </testcase>
  <testcase name="mutilpeTraveller" classname="airlineTest.Testcase9_multiple" time="34.673">
    <system-err><![CDATA[Sep 06, 2024 10:05:40 PM org.openqa.selenium.devtools.CdpVersionFinder findNearestMatch
WARNING: Unable to find an exact match for CDP version 128, returning the closest version; found: 127; Please update to a Selenium version that supports CDP version 128
]]></system-err>
  </testcase>
  <testcase name="mutilpeTraveller" classname="airlineTest.Testcase9_multiple" time="17.851">
    <system-err><![CDATA[Sep 06, 2024 10:14:56 PM org.openqa.selenium.devtools.CdpVersionFinder findNearestMatch
WARNING: Unable to find an exact match for CDP version 128, returning the closest version; found: 127; Please update to a Selenium version that supports CDP version 128
]]></system-err>
  </testcase>
  <testcase name="oneway" classname="airlineTest.TestCase_Logout" time="52.995">
    <system-err><![CDATA[Sep 06, 2024 10:06:31 PM org.openqa.selenium.devtools.CdpVersionFinder findNearestMatch
WARNING: Unable to find an exact match for CDP version 128, returning the closest version; found: 127; Please update to a Selenium version that supports CDP version 128
]]></system-err>
  </testcase>
  <testcase name="oneway" classname="airlineTest.TestCase_Logout" time="21.495">
    <system-err><![CDATA[Sep 06, 2024 10:15:23 PM org.openqa.selenium.devtools.CdpVersionFinder findNearestMatch
WARNING: Unable to find an exact match for CDP version 128, returning the closest version; found: 127; Please update to a Selenium version that supports CDP version 128
]]></system-err>
  </testcase>
  <testcase name="login" classname="airlineTest.Testcase1_homepage" time="4.36">
    <system-err><![CDATA[Sep 06, 2024 10:07:34 PM org.openqa.selenium.devtools.CdpVersionFinder findNearestMatch
WARNING: Unable to find an exact match for CDP version 128, returning the closest version; found: 127; Please update to a Selenium version that supports CDP version 128
]]></system-err>
  </testcase>
  <testcase name="login" classname="airlineTest.Testcase1_homepage" time="3.817">
    <system-err><![CDATA[Sep 06, 2024 10:15:54 PM org.openqa.selenium.devtools.CdpVersionFinder findNearestMatch
WARNING: Unable to find an exact match for CDP version 128, returning the closest version; found: 127; Please update to a Selenium version that supports CDP version 128
]]></system-err>
  </testcase>
  <testcase name="oneway" classname="airlineTest.Testcase4_oneway" time="34.225">
    <system-err><![CDATA[Sep 06, 2024 10:07:52 PM org.openqa.selenium.devtools.CdpVersionFinder findNearestMatch
WARNING: Unable to find an exact match for CDP version 128, returning the closest version; found: 127; Please update to a Selenium version that supports CDP version 128
]]></system-err>
  </testcase>
  <testcase name="oneway" classname="airlineTest.Testcase4_oneway" time="38.116">
    <system-err><![CDATA[Sep 06, 2024 10:16:11 PM org.openqa.selenium.devtools.CdpVersionFinder findNearestMatch
WARNING: Unable to find an exact match for CDP version 128, returning the closest version; found: 127; Please update to a Selenium version that supports CDP version 128
]]></system-err>
  </testcase>
  <testcase name="business1" classname="airlineTest.TestCase6_economy" time="54.558">
    <system-err><![CDATA[Sep 06, 2024 10:08:38 PM org.openqa.selenium.devtools.CdpVersionFinder findNearestMatch
WARNING: Unable to find an exact match for CDP version 128, returning the closest version; found: 127; Please update to a Selenium version that supports CDP version 128
]]></system-err>
  </testcase>
  <testcase name="business1" classname="airlineTest.TestCase6_economy" time="27.823">
    <system-err><![CDATA[Sep 06, 2024 10:17:03 PM org.openqa.selenium.devtools.CdpVersionFinder findNearestMatch
WARNING: Unable to find an exact match for CDP version 128, returning the closest version; found: 127; Please update to a Selenium version that supports CDP version 128
]]></system-err>
  </testcase>
  <testcase name="twoway" classname="airlineTest.Testcase514_twoway" time="51.031">
    <system-err><![CDATA[Sep 06, 2024 10:09:44 PM org.openqa.selenium.devtools.CdpVersionFinder findNearestMatch
WARNING: Unable to find an exact match for CDP version 128, returning the closest version; found: 127; Please update to a Selenium version that supports CDP version 128
]]></system-err>
  </testcase>
  <testcase name="twoway" classname="airlineTest.Testcase514_twoway" time="26.43">
    <system-err><![CDATA[Sep 06, 2024 10:17:42 PM org.openqa.selenium.devtools.CdpVersionFinder findNearestMatch
WARNING: Unable to find an exact match for CDP version 128, returning the closest version; found: 127; Please update to a Selenium version that supports CDP version 128
]]></system-err>
  </testcase>
  <testcase name="ConntactDetails" classname="airlineTest.Testcase_ContactDetails_11" time="53.106">
    <system-err><![CDATA[Sep 06, 2024 10:10:47 PM org.openqa.selenium.devtools.CdpVersionFinder findNearestMatch
WARNING: Unable to find an exact match for CDP version 128, returning the closest version; found: 127; Please update to a Selenium version that supports CDP version 128
]]></system-err>
  </testcase>
  <testcase name="ConntactDetails" classname="airlineTest.Testcase_ContactDetails_11" time="31.871">
    <system-err><![CDATA[Sep 06, 2024 10:18:20 PM org.openqa.selenium.devtools.CdpVersionFinder findNearestMatch
WARNING: Unable to find an exact match for CDP version 128, returning the closest version; found: 127; Please update to a Selenium version that supports CDP version 128
]]></system-err>
  </testcase>
  <testcase name="bookingdetails" classname="airlineTest.Testcase10_Flightinfo" time="54.68">
    <system-err><![CDATA[Sep 06, 2024 10:11:49 PM org.openqa.selenium.devtools.CdpVersionFinder findNearestMatch
WARNING: Unable to find an exact match for CDP version 128, returning the closest version; found: 127; Please update to a Selenium version that supports CDP version 128
]]></system-err>
  </testcase>
  <testcase name="bookingdetails" classname="airlineTest.Testcase10_Flightinfo" time="31.971">
    <system-err><![CDATA[Sep 06, 2024 10:19:05 PM org.openqa.selenium.devtools.CdpVersionFinder findNearestMatch
WARNING: Unable to find an exact match for CDP version 128, returning the closest version; found: 127; Please update to a Selenium version that supports CDP version 128
]]></system-err>
  </testcase>
  <testcase name="CouponCode" classname="airlineTest.TestCasecouponcode_13" time="45.518">
    <system-err><![CDATA[Sep 06, 2024 10:12:57 PM org.openqa.selenium.devtools.CdpVersionFinder findNearestMatch
WARNING: Unable to find an exact match for CDP version 128, returning the closest version; found: 127; Please update to a Selenium version that supports CDP version 128
]]></system-err>
  </testcase>
  <testcase name="CouponCode" classname="airlineTest.TestCasecouponcode_13" time="36.967">
    <system-err><![CDATA[Sep 06, 2024 10:19:51 PM org.openqa.selenium.devtools.CdpVersionFinder findNearestMatch
WARNING: Unable to find an exact match for CDP version 128, returning the closest version; found: 127; Please update to a Selenium version that supports CDP version 128
]]></system-err>
  </testcase>
</testsuite>