<?xml version="1.0" encoding="UTF-8"?>
<testng-results ignored="0" total="2" passed="2" failed="0" skipped="0">
  <reporter-output>
    <line>
      <![CDATA[test case is pass]]>
    </line>
    <line>
      <![CDATA[test case is pass]]>
    </line>
  </reporter-output>
  <suite started-at="2024-09-06T18:43:07 IST" name="Suite" finished-at="2024-09-06T18:44:16 IST" duration-ms="68881">
    <groups>
    </groups>
    <test started-at="2024-09-06T18:43:07 IST" name="Testing chrome" finished-at="2024-09-06T18:43:48 IST" duration-ms="41076">
      <class name="airlineTest.Testcase2_Login">
        <test-method is-config="true" signature="launch(java.lang.String)[pri:0, instance:airlineTest.Testcase2_Login@43dac38f]" started-at="2024-09-06T18:43:07 IST" name="launch" finished-at="2024-09-06T18:43:17 IST" duration-ms="10648" status="PASS">
          <params>
            <param index="0">
              <value>
                <![CDATA[chrome]]>
              </value>
            </param>
          </params>
          <reporter-output>
          </reporter-output>
        </test-method> <!-- launch -->
        <test-method signature="login1()[pri:0, instance:airlineTest.Testcase2_Login@43dac38f]" started-at="2024-09-06T18:43:17 IST" name="login1" finished-at="2024-09-06T18:43:47 IST" duration-ms="29739" status="PASS">
          <reporter-output>
            <line>
              <![CDATA[test case is pass]]>
            </line>
          </reporter-output>
        </test-method> <!-- login1 -->
        <test-method is-config="true" signature="post1()[pri:0, instance:airlineTest.Testcase2_Login@43dac38f]" started-at="2024-09-06T18:43:48 IST" name="post1" finished-at="2024-09-06T18:43:48 IST" duration-ms="1" status="PASS">
          <reporter-output>
          </reporter-output>
        </test-method> <!-- post1 -->
      </class> <!-- airlineTest.Testcase2_Login -->
    </test> <!-- Testing chrome -->
    <test started-at="2024-09-06T18:43:48 IST" name="Testing edge" finished-at="2024-09-06T18:44:16 IST" duration-ms="27727">
      <class name="airlineTest.Testcase2_Login">
        <test-method is-config="true" signature="launch(java.lang.String)[pri:0, instance:airlineTest.Testcase2_Login@4d154ccd]" started-at="2024-09-06T18:43:48 IST" name="launch" finished-at="2024-09-06T18:43:58 IST" duration-ms="10268" status="PASS">
          <params>
            <param index="0">
              <value>
                <![CDATA[edge]]>
              </value>
            </param>
          </params>
          <reporter-output>
          </reporter-output>
        </test-method> <!-- launch -->
        <test-method signature="login1()[pri:0, instance:airlineTest.Testcase2_Login@4d154ccd]" started-at="2024-09-06T18:43:58 IST" name="login1" finished-at="2024-09-06T18:44:14 IST" duration-ms="16081" status="PASS">
          <reporter-output>
            <line>
              <![CDATA[test case is pass]]>
            </line>
          </reporter-output>
        </test-method> <!-- login1 -->
        <test-method is-config="true" signature="post1()[pri:0, instance:airlineTest.Testcase2_Login@4d154ccd]" started-at="2024-09-06T18:44:16 IST" name="post1" finished-at="2024-09-06T18:44:16 IST" duration-ms="1" status="PASS">
          <reporter-output>
          </reporter-output>
        </test-method> <!-- post1 -->
      </class> <!-- airlineTest.Testcase2_Login -->
    </test> <!-- Testing edge -->
  </suite> <!-- Suite -->
</testng-results>
