<?xml version="1.0" encoding="UTF-8"?>
<testng-results ignored="0" total="2" passed="2" failed="0" skipped="0">
  <reporter-output>
    <line>
      <![CDATA[test case is pass]]>
    </line>
    <line>
      <![CDATA[test case is pass]]>
    </line>
  </reporter-output>
  <suite started-at="2024-09-06T18:37:44 IST" name="Suite" finished-at="2024-09-06T18:39:09 IST" duration-ms="84891">
    <groups>
    </groups>
    <test started-at="2024-09-06T18:37:44 IST" name="Testing chrome" finished-at="2024-09-06T18:38:39 IST" duration-ms="54632">
      <class name="airlineTest.Testcase2_Login">
        <test-method is-config="true" signature="launch(java.lang.String)[pri:0, instance:airlineTest.Testcase2_Login@58d75e99]" started-at="2024-09-06T18:37:45 IST" name="launch" finished-at="2024-09-06T18:38:04 IST" duration-ms="19086" status="PASS">
          <params>
            <param index="0">
              <value>
                <![CDATA[chrome]]>
              </value>
            </param>
          </params>
          <reporter-output>
          </reporter-output>
        </test-method> <!-- launch -->
        <test-method signature="login1()[pri:0, instance:airlineTest.Testcase2_Login@58d75e99]" started-at="2024-09-06T18:38:04 IST" name="login1" finished-at="2024-09-06T18:38:38 IST" duration-ms="34052" status="PASS">
          <reporter-output>
            <line>
              <![CDATA[test case is pass]]>
            </line>
          </reporter-output>
        </test-method> <!-- login1 -->
        <test-method is-config="true" signature="post1()[pri:0, instance:airlineTest.Testcase2_Login@58d75e99]" started-at="2024-09-06T18:38:39 IST" name="post1" finished-at="2024-09-06T18:38:39 IST" duration-ms="0" status="PASS">
          <reporter-output>
          </reporter-output>
        </test-method> <!-- post1 -->
      </class> <!-- airlineTest.Testcase2_Login -->
    </test> <!-- Testing chrome -->
    <test started-at="2024-09-06T18:38:39 IST" name="Testing edge" finished-at="2024-09-06T18:39:09 IST" duration-ms="30069">
      <class name="airlineTest.Testcase2_Login">
        <test-method is-config="true" signature="launch(java.lang.String)[pri:0, instance:airlineTest.Testcase2_Login@f09733f]" started-at="2024-09-06T18:38:39 IST" name="launch" finished-at="2024-09-06T18:38:49 IST" duration-ms="9886" status="PASS">
          <params>
            <param index="0">
              <value>
                <![CDATA[edge]]>
              </value>
            </param>
          </params>
          <reporter-output>
          </reporter-output>
        </test-method> <!-- launch -->
        <test-method signature="login1()[pri:0, instance:airlineTest.Testcase2_Login@f09733f]" started-at="2024-09-06T18:38:49 IST" name="login1" finished-at="2024-09-06T18:39:09 IST" duration-ms="19307" status="PASS">
          <reporter-output>
            <line>
              <![CDATA[test case is pass]]>
            </line>
          </reporter-output>
        </test-method> <!-- login1 -->
        <test-method is-config="true" signature="post1()[pri:0, instance:airlineTest.Testcase2_Login@f09733f]" started-at="2024-09-06T18:39:09 IST" name="post1" finished-at="2024-09-06T18:39:09 IST" duration-ms="2" status="PASS">
          <reporter-output>
          </reporter-output>
        </test-method> <!-- post1 -->
      </class> <!-- airlineTest.Testcase2_Login -->
    </test> <!-- Testing edge -->
  </suite> <!-- Suite -->
</testng-results>
